#
# A fatal error has been detected by the Java Runtime Environment:
#
#  EXCEPTION_ACCESS_VIOLATION (0xc0000005) at pc=0x00007ffee9253ffd, pid=8024, tid=0x0000000000002bc0
#
# JRE version: Java(TM) SE Runtime Environment (8.0_131-b11) (build 1.8.0_131-b11)
# Java VM: Java HotSpot(TM) 64-Bit Server VM (25.131-b11 mixed mode windows-amd64 compressed oops)
# Problematic frame:
# C  [msvcrt.dll+0x33ffd]
#
# Failed to write core dump. Minidumps are not enabled by default on client versions of Windows
#
# If you would like to submit a bug report, please visit:
#   http://bugreport.java.com/bugreport/crash.jsp
# The crash happened outside the Java Virtual Machine in native code.
# See problematic frame for where to report the bug.
#

---------------  T H R E A D  ---------------

Current thread (0x0000000002152800):  JavaThread "main" [_thread_in_native, id=11200, stack(0x0000000001ff0000,0x00000000020f0000)]

siginfo: ExceptionCode=0xc0000005, writing address 0x0000000000000000

Registers:
RAX=0x0000000000000061, RBX=0x0000000000000020, RCX=0x0000000000000000, RDX=0x0000000000000061
RSP=0x00000000020ee810, RBP=0x00000000020ee970, RSI=0x00000000020ee8d0, RDI=0x00000000020ee930
R8 =0x0000000000000002, R9 =0x00000000008c0c20, R10=0x0000000000000000, R11=0x00007ffee92b38c0
R12=0x0000000000000000, R13=0x0000000000000000, R14=0x00000000020ee8c4, R15=0x0000000000000000
RIP=0x00007ffee9253ffd, EFLAGS=0x0000000000010246

Top of Stack: (sp=0x00000000020ee810)
0x00000000020ee810:   0000000000000020 00000000d61a8b80
0x00000000020ee820:   00000000d5e51548 cafebabecafebabe
0x00000000020ee830:   0000000000000073 00007ffee92b3cff
0x00000000020ee840:   00000000ffffffff 0000000000000000
0x00000000020ee850:   0000000000000061 0000000000000001
0x00000000020ee860:   0000000000000000 00007ffee9253f1d
0x00000000020ee870:   0000000000000000 0000000000000000
0x00000000020ee880:   0000000000000000 0000000000000000
0x00000000020ee890:   00000000020ee930 cafebabe00000000
0x00000000020ee8a0:   00007ffee92b3cd0 00000000020ee948
0x00000000020ee8b0:   00000000020ee8f0 0000000000000000
0x00000000020ee8c0:   0000006100ff0100 0000000000000061
0x00000000020ee8d0:   0000000100000001 0000000000000000
0x00000000020ee8e0:   0000000000000000 00007ffee92b3cd0
0x00000000020ee8f0:   0000000000000000 0000000000000000
0x00000000020ee900:   00000000020ee970 00000000020eea89 

Instructions: (pc=0x00007ffee9253ffd)
0x00007ffee9253fdd:   c3 10 0f 84 3c 04 00 00 f6 c3 04 0f 85 e1 67 01
0x00007ffee9253fed:   00 f6 c3 02 0f 85 68 67 01 00 48 8b 0f 41 8a 06
0x00007ffee9253ffd:   88 01 48 ff 07 eb 01 cc 33 c9 eb ab ff 0e 41 83
0x00007ffee925400d:   3e ff 0f 85 c3 67 01 00 33 c9 4c 3b 3f 0f 84 d8 


Register to memory mapping:

RAX=0x0000000000000061 is an unknown value
RBX=0x0000000000000020 is an unknown value
RCX=0x0000000000000000 is an unknown value
RDX=0x0000000000000061 is an unknown value
RSP=0x00000000020ee810 is pointing into the stack for thread: 0x0000000002152800
RBP=0x00000000020ee970 is pointing into the stack for thread: 0x0000000002152800
RSI=0x00000000020ee8d0 is pointing into the stack for thread: 0x0000000002152800
RDI=0x00000000020ee930 is pointing into the stack for thread: 0x0000000002152800
R8 =0x0000000000000002 is an unknown value
R9 =0x00000000008c0c20 is an unknown value
R10=0x0000000000000000 is an unknown value
R11=0x00007ffee92b38c0 is an unknown value
R12=0x0000000000000000 is an unknown value
R13=0x0000000000000000 is an unknown value
R14=0x00000000020ee8c4 is pointing into the stack for thread: 0x0000000002152800
R15=0x0000000000000000 is an unknown value


Stack: [0x0000000001ff0000,0x00000000020f0000],  sp=0x00000000020ee810,  free space=1018k
Native frames: (J=compiled Java code, j=interpreted, Vv=VM code, C=native code)
C  [msvcrt.dll+0x33ffd]
C  [msvcrt.dll+0x33f1d]
C  [msvcrt.dll+0x780b4]
C  [msvcrt.dll+0x7802d]
C  [jna8908809525838205259.dll+0x16213]
C  [jna8908809525838205259.dll+0xec6a]
C  [jna8908809525838205259.dll+0x20bb]
C  [jna8908809525838205259.dll+0x2407]
C  0x0000000002267f74

Java frames: (J=compiled Java code, j=interpreted, Vv=VM code)
j  com.sun.jna.Native.invokeInt(JI[Ljava/lang/Object;)I+0
j  com.sun.jna.Function.invoke([Ljava/lang/Object;Ljava/lang/Class;Z)Ljava/lang/Object;+333
j  com.sun.jna.Function.invoke(Ljava/lang/Class;[Ljava/lang/Object;Ljava/util/Map;)Ljava/lang/Object;+214
j  com.sun.jna.Library$Handler.invoke(Ljava/lang/Object;Ljava/lang/reflect/Method;[Ljava/lang/Object;)Ljava/lang/Object;+341
j  com.sun.proxy.$Proxy0.scanf(Ljava/lang/String;[Ljava/lang/Object;)I+20
j  server.project.jnapackage.JnaCallClass.main([Ljava/lang/String;)V+80
v  ~StubRoutines::call_stub

---------------  P R O C E S S  ---------------

Java Threads: ( => current thread )
  0x00000000186df000 JavaThread "Service Thread" daemon [_thread_blocked, id=12260, stack(0x0000000018ac0000,0x0000000018bc0000)]
  0x0000000016d96800 JavaThread "C1 CompilerThread2" daemon [_thread_blocked, id=7312, stack(0x00000000185c0000,0x00000000186c0000)]
  0x0000000016d93000 JavaThread "C2 CompilerThread1" daemon [_thread_blocked, id=3068, stack(0x00000000184c0000,0x00000000185c0000)]
  0x0000000016d8d000 JavaThread "C2 CompilerThread0" daemon [_thread_blocked, id=11284, stack(0x00000000183c0000,0x00000000184c0000)]
  0x0000000016d8b800 JavaThread "Attach Listener" daemon [_thread_blocked, id=2836, stack(0x00000000182c0000,0x00000000183c0000)]
  0x0000000016d8a000 JavaThread "Signal Dispatcher" daemon [_thread_blocked, id=11072, stack(0x00000000181c0000,0x00000000182c0000)]
  0x000000000224a000 JavaThread "Finalizer" daemon [_thread_blocked, id=10392, stack(0x0000000017fe0000,0x00000000180e0000)]
  0x0000000002241000 JavaThread "Reference Handler" daemon [_thread_blocked, id=11444, stack(0x0000000017ee0000,0x0000000017fe0000)]
=>0x0000000002152800 JavaThread "main" [_thread_in_native, id=11200, stack(0x0000000001ff0000,0x00000000020f0000)]

Other Threads:
  0x0000000016d57000 VMThread [stack: 0x0000000017de0000,0x0000000017ee0000] [id=8460]
  0x00000000186e5800 WatcherThread [stack: 0x0000000018bc0000,0x0000000018cc0000] [id=7828]

VM state:not at safepoint (normal execution)

VM Mutex/Monitor currently owned by a thread: None

Heap:
 PSYoungGen      total 38400K, used 4024K [0x00000000d5e00000, 0x00000000d8880000, 0x0000000100000000)
  eden space 33280K, 12% used [0x00000000d5e00000,0x00000000d61ee320,0x00000000d7e80000)
  from space 5120K, 0% used [0x00000000d8380000,0x00000000d8380000,0x00000000d8880000)
  to   space 5120K, 0% used [0x00000000d7e80000,0x00000000d7e80000,0x00000000d8380000)
 ParOldGen       total 87552K, used 0K [0x0000000081a00000, 0x0000000086f80000, 0x00000000d5e00000)
  object space 87552K, 0% used [0x0000000081a00000,0x0000000081a00000,0x0000000086f80000)
 Metaspace       used 4599K, capacity 4956K, committed 5248K, reserved 1056768K
  class space    used 508K, capacity 528K, committed 640K, reserved 1048576K

Card table byte_map: [0x0000000011610000,0x0000000011a10000] byte_map_base: 0x0000000011203000

Marking Bits: (ParMarkBitMap*) 0x0000000077f7c720
 Begin Bits: [0x00000000120c0000, 0x0000000014058000)
 End Bits:   [0x0000000014058000, 0x0000000015ff0000)

Polling page: 0x0000000000840000

CodeCache: size=245760Kb used=1495Kb max_used=1495Kb free=244264Kb
 bounds [0x0000000002250000, 0x00000000024c0000, 0x0000000011250000]
 total_blobs=484 nmethods=206 adapters=191
 compilation: enabled

Compilation events (10 events):
Event: 2.900 Thread 0x0000000016d96800  202       1       java.net.URL::getPort (5 bytes)
Event: 2.901 Thread 0x0000000016d96800 nmethod 202 0x00000000023c5750 code [0x00000000023c58a0, 0x00000000023c59b0]
Event: 2.901 Thread 0x0000000016d96800  203       1       java.lang.reflect.Method::getName (5 bytes)
Event: 2.901 Thread 0x0000000016d96800 nmethod 203 0x00000000023c5a10 code [0x00000000023c5b60, 0x00000000023c5c70]
Event: 2.908 Thread 0x0000000016d96800  204       3       java.lang.String::toCharArray (25 bytes)
Event: 2.908 Thread 0x0000000016d96800 nmethod 204 0x00000000023c5cd0 code [0x00000000023c5e40, 0x00000000023c60c8]
Event: 2.908 Thread 0x0000000016d96800  205       3       java.lang.String::equalsIgnoreCase (48 bytes)
Event: 2.909 Thread 0x0000000016d96800 nmethod 205 0x00000000023c6190 code [0x00000000023c6300, 0x00000000023c6668]
Event: 2.909 Thread 0x0000000016d96800  206       1       java.net.URLStreamHandler::getDefaultPort (2 bytes)
Event: 2.910 Thread 0x0000000016d96800 nmethod 206 0x00000000023c6790 code [0x00000000023c68e0, 0x00000000023c69f0]

GC Heap History (0 events):
No events

Deoptimization events (0 events):
No events

Internal exceptions (6 events):
Event: 0.226 Thread 0x0000000002152800 Exception <a 'java/lang/NoSuchMethodError': Method sun.misc.Unsafe.defineClass(Ljava/lang/String;[BII)Ljava/lang/Class; name or signature does not match> (0x00000000d5e07ca8) thrown at [C:\re\workspace\8-2-build-windows-amd64-cygwin\jdk8u131\8869\hotspot\
Event: 0.226 Thread 0x0000000002152800 Exception <a 'java/lang/NoSuchMethodError': Method sun.misc.Unsafe.prefetchRead(Ljava/lang/Object;J)V name or signature does not match> (0x00000000d5e07f90) thrown at [C:\re\workspace\8-2-build-windows-amd64-cygwin\jdk8u131\8869\hotspot\src\share\vm\prims
Event: 0.665 Thread 0x0000000002152800 Exception <a 'java/security/PrivilegedActionException'> (0x00000000d5f81540) thrown at [C:\re\workspace\8-2-build-windows-amd64-cygwin\jdk8u131\8869\hotspot\src\share\vm\prims\jvm.cpp, line 1390]
Event: 0.665 Thread 0x0000000002152800 Exception <a 'java/security/PrivilegedActionException'> (0x00000000d5f81750) thrown at [C:\re\workspace\8-2-build-windows-amd64-cygwin\jdk8u131\8869\hotspot\src\share\vm\prims\jvm.cpp, line 1390]
Event: 0.669 Thread 0x0000000002152800 Exception <a 'java/security/PrivilegedActionException'> (0x00000000d5f85660) thrown at [C:\re\workspace\8-2-build-windows-amd64-cygwin\jdk8u131\8869\hotspot\src\share\vm\prims\jvm.cpp, line 1390]
Event: 0.669 Thread 0x0000000002152800 Exception <a 'java/security/PrivilegedActionException'> (0x00000000d5f85870) thrown at [C:\re\workspace\8-2-build-windows-amd64-cygwin\jdk8u131\8869\hotspot\src\share\vm\prims\jvm.cpp, line 1390]

Events (10 events):
Event: 2.900 loading class java/lang/reflect/AnnotatedType
Event: 2.900 loading class java/lang/reflect/AnnotatedType done
Event: 2.902 loading class com/sun/jna/NativeString
Event: 2.902 loading class com/sun/jna/NativeString done
Event: 2.905 loading class com/sun/jna/Memory$SharedMemory
Event: 2.905 loading class com/sun/jna/Memory$SharedMemory done
Event: 2.907 loading class com/sun/jna/Function$PostCallRead
Event: 2.907 loading class com/sun/jna/Function$PostCallRead done
Event: 4.424 Executing VM operation: EnableBiasedLocking
Event: 4.424 Executing VM operation: EnableBiasedLocking done


Dynamic libraries:
0x00007ff71d090000 - 0x00007ff71d0c7000 	C:\Program Files\Java\jdk1.8.0_131\bin\java.exe
0x00007ffee95a0000 - 0x00007ffee974d000 	C:\windows\SYSTEM32\ntdll.dll
0x00007ffee8c90000 - 0x00007ffee8dce000 	C:\windows\system32\KERNEL32.DLL
0x00007ffee6b10000 - 0x00007ffee6c26000 	C:\windows\system32\KERNELBASE.dll
0x00007ffee5290000 - 0x00007ffee531e000 	C:\windows\system32\apphelp.dll
0x00007ffed3d30000 - 0x00007ffed3d83000 	C:\windows\AppPatch\AppPatch64\AcGenral.DLL
0x00007ffee9220000 - 0x00007ffee92ca000 	C:\windows\system32\msvcrt.dll
0x00007ffee6a30000 - 0x00007ffee6a5e000 	C:\windows\system32\SspiCli.dll
0x00007ffee6d90000 - 0x00007ffee6de4000 	C:\windows\system32\SHLWAPI.dll
0x00007ffee8ab0000 - 0x00007ffee8c27000 	C:\windows\system32\USER32.dll
0x00007ffee93f0000 - 0x00007ffee9584000 	C:\windows\system32\ole32.dll
0x00007ffee6e60000 - 0x00007ffee838c000 	C:\windows\system32\SHELL32.dll
0x00007ffee5c90000 - 0x00007ffee5cb1000 	C:\windows\SYSTEM32\USERENV.dll
0x00007ffee9170000 - 0x00007ffee921a000 	C:\windows\system32\ADVAPI32.dll
0x00007ffed93f0000 - 0x00007ffed940e000 	C:\windows\SYSTEM32\MPR.dll
0x00007ffee8790000 - 0x00007ffee88d0000 	C:\windows\system32\RPCRT4.dll
0x00007ffee9390000 - 0x00007ffee93e9000 	C:\windows\SYSTEM32\sechost.dll
0x00007ffee8570000 - 0x00007ffee8782000 	C:\windows\SYSTEM32\combase.dll
0x00007ffee6c40000 - 0x00007ffee6d8b000 	C:\windows\system32\GDI32.dll
0x00007ffee66d0000 - 0x00007ffee66e5000 	C:\windows\SYSTEM32\profapi.dll
0x00007ffee4c60000 - 0x00007ffee4d12000 	C:\windows\SYSTEM32\SHCORE.dll
0x00007ffee8ea0000 - 0x00007ffee8ed6000 	C:\windows\system32\IMM32.DLL
0x00007ffee9010000 - 0x00007ffee9161000 	C:\windows\system32\MSCTF.dll
0x00007ffee4630000 - 0x00007ffee48ab000 	C:\windows\WinSxS\amd64_microsoft.windows.common-controls_6595b64144ccf1df_6.0.9600.18006_none_623f33d3ecbe86e8\COMCTL32.dll
0x00000000503b0000 - 0x0000000050482000 	C:\Program Files\Java\jdk1.8.0_131\jre\bin\msvcr100.dll
0x0000000077760000 - 0x0000000077ffc000 	C:\Program Files\Java\jdk1.8.0_131\jre\bin\server\jvm.dll
0x00007ffeddf20000 - 0x00007ffeddf29000 	C:\windows\SYSTEM32\WSOCK32.dll
0x00007ffee19a0000 - 0x00007ffee19c2000 	C:\windows\SYSTEM32\WINMM.dll
0x00007ffedf380000 - 0x00007ffedf38a000 	C:\windows\SYSTEM32\VERSION.dll
0x00007ffee8dd0000 - 0x00007ffee8dd7000 	C:\windows\system32\PSAPI.DLL
0x00007ffee8ee0000 - 0x00007ffee8f3a000 	C:\windows\system32\WS2_32.dll
0x00007ffee1970000 - 0x00007ffee199a000 	C:\windows\SYSTEM32\WINMMBASE.dll
0x00007ffee6c30000 - 0x00007ffee6c39000 	C:\windows\system32\NSI.dll
0x00007ffee69e0000 - 0x00007ffee6a2f000 	C:\windows\SYSTEM32\cfgmgr32.dll
0x00007ffee53a0000 - 0x00007ffee53c8000 	C:\windows\SYSTEM32\DEVOBJ.dll
0x00000000503a0000 - 0x00000000503af000 	C:\Program Files\Java\jdk1.8.0_131\jre\bin\verify.dll
0x0000000050370000 - 0x0000000050399000 	C:\Program Files\Java\jdk1.8.0_131\jre\bin\java.dll
0x0000000050350000 - 0x0000000050366000 	C:\Program Files\Java\jdk1.8.0_131\jre\bin\zip.dll
0x00007ffee5f60000 - 0x00007ffee5f80000 	C:\windows\SYSTEM32\CRYPTSP.dll
0x00007ffee5b80000 - 0x00007ffee5bb6000 	C:\windows\system32\rsaenh.dll
0x00007ffee61b0000 - 0x00007ffee61d6000 	C:\windows\SYSTEM32\bcrypt.dll
0x00007ffee64d0000 - 0x00007ffee6533000 	C:\windows\system32\bcryptprimitives.dll
0x00007ffee6640000 - 0x00007ffee664b000 	C:\windows\SYSTEM32\CRYPTBASE.dll
0x0000000050330000 - 0x000000005034a000 	C:\Program Files\Java\jdk1.8.0_131\jre\bin\net.dll
0x00007ffee5f00000 - 0x00007ffee5f59000 	C:\windows\system32\mswsock.dll
0x00007ffee2380000 - 0x00007ffee23aa000 	C:\windows\SYSTEM32\IPHLPAPI.DLL
0x00007ffee2370000 - 0x00007ffee237a000 	C:\windows\SYSTEM32\WINNSI.DLL
0x00007ffee1500000 - 0x00007ffee1516000 	C:\windows\SYSTEM32\dhcpcsvc6.DLL
0x00007ffee1840000 - 0x00007ffee185a000 	C:\windows\SYSTEM32\dhcpcsvc.DLL
0x0000000050310000 - 0x0000000050321000 	C:\Program Files\Java\jdk1.8.0_131\jre\bin\nio.dll
0x0000000180000000 - 0x0000000180037000 	C:\Users\Ankit\AppData\Local\Temp\jna8908809525838205259.dll
0x00007ffedc6e0000 - 0x00007ffedc869000 	C:\windows\SYSTEM32\dbghelp.dll

VM Arguments:
jvm_args: -Dfile.encoding=UTF-8 
java_command: server.project.jnapackage.JnaCallClass
java_class_path (initial): C:\Program Files\NetBeans 8.2\java\modules\ext\beansbinding-1.2.1.jar;C:\Users\Ankit\Downloads\jna-3.3.0.jar\jna-3.3.0.jar;C:\Users\Ankit\Downloads\jna-3.3.0-platform.jar\jna-3.3.0-platform.jar;C:\Users\Ankit\Documents\NetBeansProjects\Server Project\build\classes
Launcher Type: SUN_STANDARD

Environment Variables:
JAVA_HOME=C:\Program Files\Java\jdk1.8.0_131
PATH=C:\oraclexe\app\oracle\product\11.2.0\server\bin;;C:\Program Files (x86)\Lenovo\FusionEngine;C:\Program Files (x86)\Intel\iCLS Client\;C:\Program Files\Intel\iCLS Client\;C:\windows\system32;C:\windows;C:\windows\System32\Wbem;C:\windows\System32\WindowsPowerShell\v1.0\;C:\Program Files (x86)\ATI Technologies\ATI.ACE\Core-Static;C:\Program Files\Intel\Intel(R) Management Engine Components\DAL;C:\Program Files\Intel\Intel(R) Management Engine Components\IPT;C:\Program Files (x86)\Intel\Intel(R) Management Engine Components\DAL;C:\Program Files (x86)\Intel\Intel(R) Management Engine Components\IPT;C:\Program Files\Lenovo\Bluetooth Software\;C:\Program Files\Lenovo\Bluetooth Software\syswow64;C:\Program Files\MongoDB\Server\3.4\bin;C:\Program Files\Java\jdk1.8.0_131\bin;C:\Program Files\nodejs\;C:\Program Files (x86)\GNU\GnuPG\pub;C:\Program Files\Android\Android Studio\gradle\gradle-2.14.1\bin;C:\Program Files\Git\cmd;C:\Program Files\Git\mingw64\bin;C:\Program Files\Git\usr\bin;C:\Users\Ankit\Documents\opencv\;C:\Users\Ankit\AppData\Local\atom\bin;C:\Users\Ankit\AppData\Roaming\npm;C:\Users\Ankit\AppData\Local\Programs\Fiddler;C:\Program Files\Heroku\bin
USERNAME=Ankit
OS=Windows_NT
PROCESSOR_IDENTIFIER=Intel64 Family 6 Model 69 Stepping 1, GenuineIntel



---------------  S Y S T E M  ---------------

OS: Windows 8.1 , 64 bit Build 9600 (6.3.9600.17415)

CPU:total 4 (initial active 4) (2 cores per cpu, 2 threads per core) family 6 model 69 stepping 1, cmov, cx8, fxsr, mmx, sse, sse2, sse3, ssse3, sse4.1, sse4.2, popcnt, avx, avx2, aes, clmul, erms, lzcnt, ht, tsc, tscinvbit, bmi1, bmi2

Memory: 4k page, physical 8278296k(3816368k free), swap 11555096k(5547380k free)

vm_info: Java HotSpot(TM) 64-Bit Server VM (25.131-b11) for windows-amd64 JRE (1.8.0_131-b11), built on Mar 15 2017 01:23:53 by "java_re" with MS VC++ 10.0 (VS2010)

time: Wed Aug 15 21:54:35 2018
elapsed time: 5 seconds (0d 0h 0m 5s)

